
*************************************************************
 Amazon kindlegen(Linux) V2.9 build 1028-0897292 
 A command line e-book compiler 
 Copyright Amazon.com and its Affiliates 2014 
*************************************************************

Info:I9018:option: -donotaddsource: Source files will not be added
Info(prcgen):I1047: Added metadata dc:Title        "Vater und Sohn, Zu Bett gehen"
Info(prcgen):I1047: Added metadata dc:Date         "2016-10-09T22:00:00Z"
Info(prcgen):I1047: Added metadata dc:Creator      "Yaylas Wiese e.V."
Info(prcgen):I1047: Added metadata dc:Creator      "Asciidoctor"
Info(prcgen):I1047: Added metadata dc:Publisher    "Yaylas Wiese e.V."
Info(prcgen):I1047: Added metadata dc:Subject      "Vater Sohn Plauen"
Info(prcgen):I1047: Added metadata dc:Contributor  "Michael Schmidt"
Info(prcgen):I1047: Added metadata dc:Rights       "?"
Info(prcgen):I1002: Parsing files  0000001
Info(cssparser):I10004: @rules other than @import, @charset and @font-face are not supported.
Warning(prcgen):W14010: media file not found  /tmp/mobi-lESeme/OEBPS/images/avatars/default.jpg
Info(prcgen):I1016: Building enhanced PRC file
Info(prcgen):I1015: Building PRC file
Info(prcgen):I1006: Resolving hyperlinks
Info(pagemap):I8000: No Page map found in the book
Info(prcgen):I1045: Computing UNICODE ranges used in the book
Info(prcgen):I1046: Found UNICODE range: Basic Latin [20..7E]
Info(prcgen):I1046: Found UNICODE range: General Punctuation - Windows 1252 [201C..201E]
Info(prcgen):I1046: Found UNICODE range: Latin-1 Supplement [A0..FF]
Info(prcgen):I1017: Building PRC file, record count:   0000001
Info(prcgen):I1039: Final stats - text compressed to (in % of original size):  39.35%
Info(prcgen):I1040: The document identifier is: "Vater_und_So-_Zu_Bett_gehen"
Info(prcgen):I1041: The file format version is V6
Info(prcgen):I1031: Saving PRC file
Info(prcgen):I1033: PRC built with WARNINGS!
Info(prcgen):I1007: Resolving mediaidlinks
Info(prcgen):I1011: Writing mediaidlinks
Info(prcgen):I1009: Resolving guide items
Info(prcgen):I1017: Building PRC file, record count:   0000010
Info(prcgen):I1039: Final stats - text compressed to (in % of original size):  44.41%
Info(prcgen):I1041: The file format version is V8
Info(prcgen):I1032: PRC built successfully
Info(prcgen):I15000:  Approximate Standard Mobi Deliverable file size :   0000217KB
Info(prcgen):I15001:  Approximate KF8 Deliverable file size :   0000540KB
Info(prcgen):I1037: Mobi file built with WARNINGS!
